{"address":null,"code":"EADDRINUSE","errno":-4091,"level":"error","port":8080,"syscall":"bind","timestamp":"2022-06-24T20:29:51.027Z"}
{"_message":"products validation failed","errors":{"price":{"kind":"Number","message":"Cast to Number failed for value \"sdfdsf\" (type string) at path \"price\"","name":"CastError","path":"price","reason":{"actual":false,"code":"ERR_ASSERTION","expected":true,"generatedMessage":true,"operator":"=="},"stringValue":"\"sdfdsf\"","value":"sdfdsf","valueType":"string"},"stock":{"kind":"Number","message":"Cast to Number failed for value \"sdfdsf\" (type string) at path \"stock\"","name":"CastError","path":"stock","reason":{"actual":false,"code":"ERR_ASSERTION","expected":true,"generatedMessage":true,"operator":"=="},"stringValue":"\"sdfdsf\"","value":"sdfdsf","valueType":"string"}},"level":"error","message":"products validation failed: price: Cast to Number failed for value \"sdfdsf\" (type string) at path \"price\", stock: Cast to Number failed for value \"sdfdsf\" (type string) at path \"stock\"","name":"ValidationError","timestamp":"2022-06-24T20:33:22.232Z"}
{"_message":"products validation failed","errors":{"price":{"kind":"Number","message":"Cast to Number failed for value \"sfdfd\" (type string) at path \"price\"","name":"CastError","path":"price","reason":{"actual":false,"code":"ERR_ASSERTION","expected":true,"generatedMessage":true,"operator":"=="},"stringValue":"\"sfdfd\"","value":"sfdfd","valueType":"string"},"stock":{"kind":"Number","message":"Cast to Number failed for value \"sdfdfs\" (type string) at path \"stock\"","name":"CastError","path":"stock","reason":{"actual":false,"code":"ERR_ASSERTION","expected":true,"generatedMessage":true,"operator":"=="},"stringValue":"\"sdfdfs\"","value":"sdfdfs","valueType":"string"}},"level":"error","message":"products validation failed: price: Cast to Number failed for value \"sfdfd\" (type string) at path \"price\", stock: Cast to Number failed for value \"sdfdfs\" (type string) at path \"stock\"","name":"ValidationError","timestamp":"2022-06-24T20:57:20.184Z"}
{"_message":"products validation failed","errors":{"price":{"kind":"Number","message":"Cast to Number failed for value \"A\" (type string) at path \"price\"","name":"CastError","path":"price","reason":{"actual":false,"code":"ERR_ASSERTION","expected":true,"generatedMessage":true,"operator":"=="},"stringValue":"\"A\"","value":"A","valueType":"string"},"stock":{"kind":"Number","message":"Cast to Number failed for value \"A\" (type string) at path \"stock\"","name":"CastError","path":"stock","reason":{"actual":false,"code":"ERR_ASSERTION","expected":true,"generatedMessage":true,"operator":"=="},"stringValue":"\"A\"","value":"A","valueType":"string"}},"level":"error","message":"products validation failed: price: Cast to Number failed for value \"A\" (type string) at path \"price\", stock: Cast to Number failed for value \"A\" (type string) at path \"stock\"","name":"ValidationError","timestamp":"2022-06-24T21:00:47.826Z"}
{"level":"error","timestamp":"2022-07-16T01:49:09.682Z"}
{"level":"error","timestamp":"2022-07-16T01:49:33.723Z"}
{"level":"error","timestamp":"2022-07-16T01:50:12.195Z"}
{"level":"error","timestamp":"2022-07-16T01:50:45.371Z"}
{"kind":"ObjectId","message":"Cast to ObjectId failed for value \"12345\" (type string) at path \"_id\" for model \"products\"","name":"CastError","path":"_id","reason":{},"stringValue":"\"12345\"","value":"12345","valueType":"string"}
{"address":null,"code":"EADDRINUSE","errno":-4091,"level":"error","port":8080,"syscall":"bind","timestamp":"2022-07-22T23:30:30.204Z"}
{"address":null,"code":"EADDRINUSE","errno":-4091,"level":"error","port":8080,"syscall":"bind","timestamp":"2022-07-22T23:31:00.476Z"}
{"kind":"ObjectId","message":"Cast to ObjectId failed for value \"graphql\" (type string) at path \"_id\" for model \"products\"","name":"CastError","path":"_id","reason":{},"stringValue":"\"graphql\"","value":"graphql","valueType":"string"}
{"kind":"ObjectId","message":"Cast to ObjectId failed for value \"graphql\" (type string) at path \"_id\" for model \"products\"","name":"CastError","path":"_id","reason":{},"stringValue":"\"graphql\"","value":"graphql","valueType":"string"}
{"kind":"ObjectId","message":"Cast to ObjectId failed for value \"graphql\" (type string) at path \"_id\" for model \"products\"","name":"CastError","path":"_id","reason":{},"stringValue":"\"graphql\"","value":"graphql","valueType":"string"}
{"kind":"ObjectId","message":"Cast to ObjectId failed for value \"graphql\" (type string) at path \"_id\" for model \"products\"","name":"CastError","path":"_id","reason":{},"stringValue":"\"graphql\"","value":"graphql","valueType":"string"}
{"kind":"ObjectId","message":"Cast to ObjectId failed for value \"graphql\" (type string) at path \"_id\" for model \"products\"","name":"CastError","path":"_id","reason":{},"stringValue":"\"graphql\"","value":"graphql","valueType":"string"}
{"kind":"ObjectId","message":"Cast to ObjectId failed for value \"graphql\" (type string) at path \"_id\" for model \"products\"","name":"CastError","path":"_id","reason":{},"stringValue":"\"graphql\"","value":"graphql","valueType":"string"}
{"kind":"ObjectId","message":"Cast to ObjectId failed for value \"graphql\" (type string) at path \"_id\" for model \"products\"","name":"CastError","path":"_id","reason":{},"stringValue":"\"graphql\"","value":"graphql","valueType":"string"}
{"kind":"ObjectId","message":"Cast to ObjectId failed for value \"graphql\" (type string) at path \"_id\" for model \"products\"","name":"CastError","path":"_id","reason":{},"stringValue":"\"graphql\"","value":"graphql","valueType":"string"}
{"kind":"ObjectId","message":"Cast to ObjectId failed for value \"graphql\" (type string) at path \"_id\" for model \"products\"","name":"CastError","path":"_id","reason":{},"stringValue":"\"graphql\"","value":"graphql","valueType":"string"}
{"kind":"ObjectId","message":"Cast to ObjectId failed for value \"graphql\" (type string) at path \"_id\" for model \"products\"","name":"CastError","path":"_id","reason":{},"stringValue":"\"graphql\"","value":"graphql","valueType":"string"}
{"kind":"ObjectId","message":"Cast to ObjectId failed for value \"graphql\" (type string) at path \"_id\" for model \"products\"","name":"CastError","path":"_id","reason":{},"stringValue":"\"graphql\"","value":"graphql","valueType":"string"}
{"kind":"ObjectId","message":"Cast to ObjectId failed for value \"graphql\" (type string) at path \"_id\" for model \"products\"","name":"CastError","path":"_id","reason":{},"stringValue":"\"graphql\"","value":"graphql","valueType":"string"}
{"kind":"ObjectId","message":"Cast to ObjectId failed for value \"graphql\" (type string) at path \"_id\" for model \"products\"","name":"CastError","path":"_id","reason":{},"stringValue":"\"graphql\"","value":"graphql","valueType":"string"}
{"kind":"ObjectId","message":"Cast to ObjectId failed for value \"graphql\" (type string) at path \"_id\" for model \"products\"","name":"CastError","path":"_id","reason":{},"stringValue":"\"graphql\"","value":"graphql","valueType":"string"}
{"kind":"ObjectId","message":"Cast to ObjectId failed for value \"graphql\" (type string) at path \"_id\" for model \"products\"","name":"CastError","path":"_id","reason":{},"stringValue":"\"graphql\"","value":"graphql","valueType":"string"}
{"kind":"ObjectId","message":"Cast to ObjectId failed for value \"graphql\" (type string) at path \"_id\" for model \"products\"","name":"CastError","path":"_id","reason":{},"stringValue":"\"graphql\"","value":"graphql","valueType":"string"}
{"kind":"ObjectId","message":"Cast to ObjectId failed for value \"graphql\" (type string) at path \"_id\" for model \"products\"","name":"CastError","path":"_id","reason":{},"stringValue":"\"graphql\"","value":"graphql","valueType":"string"}
{"kind":"ObjectId","message":"Cast to ObjectId failed for value \"graphql\" (type string) at path \"_id\" for model \"products\"","name":"CastError","path":"_id","reason":{},"stringValue":"\"graphql\"","value":"graphql","valueType":"string"}
{"kind":"ObjectId","message":"Cast to ObjectId failed for value \"graphql\" (type string) at path \"_id\" for model \"products\"","name":"CastError","path":"_id","reason":{},"stringValue":"\"graphql\"","value":"graphql","valueType":"string"}
{"kind":"ObjectId","message":"Cast to ObjectId failed for value \"graphql\" (type string) at path \"_id\" for model \"products\"","name":"CastError","path":"_id","reason":{},"stringValue":"\"graphql\"","value":"graphql","valueType":"string"}
{"kind":"ObjectId","message":"Cast to ObjectId failed for value \"graphql\" (type string) at path \"_id\" for model \"products\"","name":"CastError","path":"_id","reason":{},"stringValue":"\"graphql\"","value":"graphql","valueType":"string"}
{"kind":"ObjectId","message":"Cast to ObjectId failed for value \"graphql\" (type string) at path \"_id\" for model \"products\"","name":"CastError","path":"_id","reason":{},"stringValue":"\"graphql\"","value":"graphql","valueType":"string"}
{"kind":"ObjectId","message":"Cast to ObjectId failed for value \"graphql\" (type string) at path \"_id\" for model \"products\"","name":"CastError","path":"_id","reason":{},"stringValue":"\"graphql\"","value":"graphql","valueType":"string"}
{"kind":"ObjectId","message":"Cast to ObjectId failed for value \"graphql\" (type string) at path \"_id\" for model \"products\"","name":"CastError","path":"_id","reason":{},"stringValue":"\"graphql\"","value":"graphql","valueType":"string"}
{"kind":"ObjectId","message":"Cast to ObjectId failed for value \"graphql\" (type string) at path \"_id\" for model \"products\"","name":"CastError","path":"_id","reason":{},"stringValue":"\"graphql\"","value":"graphql","valueType":"string"}
{"kind":"ObjectId","message":"Cast to ObjectId failed for value \"graphql\" (type string) at path \"_id\" for model \"products\"","name":"CastError","path":"_id","reason":{},"stringValue":"\"graphql\"","value":"graphql","valueType":"string"}
{"kind":"ObjectId","message":"Cast to ObjectId failed for value \"graphql\" (type string) at path \"_id\" for model \"products\"","name":"CastError","path":"_id","reason":{},"stringValue":"\"graphql\"","value":"graphql","valueType":"string"}
{"kind":"ObjectId","message":"Cast to ObjectId failed for value \"graphql\" (type string) at path \"_id\" for model \"products\"","name":"CastError","path":"_id","reason":{},"stringValue":"\"graphql\"","value":"graphql","valueType":"string"}
{"kind":"ObjectId","message":"Cast to ObjectId failed for value \"graphql\" (type string) at path \"_id\" for model \"products\"","name":"CastError","path":"_id","reason":{},"stringValue":"\"graphql\"","value":"graphql","valueType":"string"}
{"level":"error","timestamp":"2022-07-23T00:55:04.435Z"}
{"level":"error","timestamp":"2022-07-23T00:55:41.189Z"}
{"level":"error","timestamp":"2022-07-23T00:55:42.971Z"}
{"level":"error","timestamp":"2022-07-23T00:56:20.830Z"}
{"level":"error","timestamp":"2022-07-23T00:56:21.220Z"}
{"kind":"ObjectId","message":"Cast to ObjectId failed for value \"graphql\" (type string) at path \"_id\" for model \"products\"","name":"CastError","path":"_id","reason":{},"stringValue":"\"graphql\"","value":"graphql","valueType":"string"}
{"kind":"ObjectId","message":"Cast to ObjectId failed for value \"graphql\" (type string) at path \"_id\" for model \"products\"","name":"CastError","path":"_id","reason":{},"stringValue":"\"graphql\"","value":"graphql","valueType":"string"}
{"level":"error","timestamp":"2022-07-23T00:57:59.544Z"}
{"kind":"ObjectId","message":"Cast to ObjectId failed for value \"graphql\" (type string) at path \"_id\" for model \"products\"","name":"CastError","path":"_id","reason":{},"stringValue":"\"graphql\"","value":"graphql","valueType":"string"}
{"kind":"ObjectId","message":"Cast to ObjectId failed for value \"graphql\" (type string) at path \"_id\" for model \"products\"","name":"CastError","path":"_id","reason":{},"stringValue":"\"graphql\"","value":"graphql","valueType":"string"}
{"kind":"ObjectId","message":"Cast to ObjectId failed for value \"graphql\" (type string) at path \"_id\" for model \"products\"","name":"CastError","path":"_id","reason":{},"stringValue":"\"graphql\"","value":"graphql","valueType":"string"}
{"level":"error","timestamp":"2022-07-23T01:01:33.762Z"}
{"kind":"ObjectId","message":"Cast to ObjectId failed for value \"graphql\" (type string) at path \"_id\" for model \"products\"","name":"CastError","path":"_id","reason":{},"stringValue":"\"graphql\"","value":"graphql","valueType":"string"}
{"level":"error","timestamp":"2022-07-23T01:06:01.863Z"}
{"level":"error","timestamp":"2022-07-23T01:06:09.589Z"}
{"level":"error","timestamp":"2022-07-23T01:07:04.884Z"}
{"kind":"ObjectId","message":"Cast to ObjectId failed for value \"graphql\" (type string) at path \"_id\" for model \"products\"","name":"CastError","path":"_id","reason":{},"stringValue":"\"graphql\"","value":"graphql","valueType":"string"}
{"kind":"ObjectId","message":"Cast to ObjectId failed for value \"graphql\" (type string) at path \"_id\" for model \"products\"","name":"CastError","path":"_id","reason":{},"stringValue":"\"graphql\"","value":"graphql","valueType":"string"}
{"kind":"ObjectId","message":"Cast to ObjectId failed for value \"graphql\" (type string) at path \"_id\" for model \"products\"","name":"CastError","path":"_id","reason":{},"stringValue":"\"graphql\"","value":"graphql","valueType":"string"}
{"kind":"ObjectId","message":"Cast to ObjectId failed for value \"graphql\" (type string) at path \"_id\" for model \"products\"","name":"CastError","path":"_id","reason":{},"stringValue":"\"graphql\"","value":"graphql","valueType":"string"}
{"kind":"ObjectId","message":"Cast to ObjectId failed for value \"graphql\" (type string) at path \"_id\" for model \"products\"","name":"CastError","path":"_id","reason":{},"stringValue":"\"graphql\"","value":"graphql","valueType":"string"}
{"kind":"ObjectId","message":"Cast to ObjectId failed for value \"graphql\" (type string) at path \"_id\" for model \"products\"","name":"CastError","path":"_id","reason":{},"stringValue":"\"graphql\"","value":"graphql","valueType":"string"}
{"kind":"ObjectId","message":"Cast to ObjectId failed for value \"graphql\" (type string) at path \"_id\" for model \"products\"","name":"CastError","path":"_id","reason":{},"stringValue":"\"graphql\"","value":"graphql","valueType":"string"}
{"kind":"ObjectId","message":"Cast to ObjectId failed for value \"graphql\" (type string) at path \"_id\" for model \"products\"","name":"CastError","path":"_id","reason":{},"stringValue":"\"graphql\"","value":"graphql","valueType":"string"}
{"kind":"ObjectId","message":"Cast to ObjectId failed for value \"graphql\" (type string) at path \"_id\" for model \"products\"","name":"CastError","path":"_id","reason":{},"stringValue":"\"graphql\"","value":"graphql","valueType":"string"}
{"level":"error","timestamp":"2022-07-23T01:23:14.325Z"}
{"level":"error","timestamp":"2022-07-23T12:56:57.671Z"}
{"level":"error","timestamp":"2022-07-23T12:56:58.773Z"}
{"level":"error","timestamp":"2022-07-23T12:56:59.374Z"}
{"level":"error","timestamp":"2022-07-23T12:56:59.949Z"}
{"level":"error","timestamp":"2022-07-23T12:57:00.917Z"}
{"level":"error","timestamp":"2022-07-23T12:57:01.542Z"}
{"level":"error","timestamp":"2022-07-23T13:07:00.570Z"}
{"level":"error","timestamp":"2022-07-23T13:07:01.706Z"}
{"level":"error","timestamp":"2022-07-23T13:07:02.347Z"}
{"level":"error","timestamp":"2022-07-23T13:07:02.954Z"}
{"level":"error","timestamp":"2022-07-23T13:07:03.830Z"}
{"level":"error","timestamp":"2022-07-23T13:12:01.905Z"}
{"_message":"products validation failed","errors":{"timestamp":{"kind":"required","message":"Path `timestamp` is required.","name":"ValidatorError","path":"timestamp","properties":{"message":"Path `timestamp` is required.","path":"timestamp","type":"required"}}},"level":"error","message":"products validation failed: timestamp: Path `timestamp` is required.","name":"ValidationError","timestamp":"2022-07-23T14:05:22.966Z"}
{"_message":"products validation failed","errors":{"timestamp":{"kind":"required","message":"Path `timestamp` is required.","name":"ValidatorError","path":"timestamp","properties":{"message":"Path `timestamp` is required.","path":"timestamp","type":"required"}}},"level":"error","message":"products validation failed: timestamp: Path `timestamp` is required.","name":"ValidationError","timestamp":"2022-07-23T14:07:04.646Z"}
{"_message":"products validation failed","errors":{"timestamp":{"kind":"required","message":"Path `timestamp` is required.","name":"ValidatorError","path":"timestamp","properties":{"message":"Path `timestamp` is required.","path":"timestamp","type":"required"}}},"level":"error","message":"products validation failed: timestamp: Path `timestamp` is required.","name":"ValidationError","timestamp":"2022-07-23T14:09:59.408Z"}
{"kind":"ObjectId","message":"Cast to ObjectId failed for value \"{ id: '62dc014d1d346554c6c44332' }\" (type Object) at path \"_id\" for model \"products\"","name":"CastError","path":"_id","reason":{},"stringValue":"\"{ id: '62dc014d1d346554c6c44332' }\"","value":{"id":"62dc014d1d346554c6c44332"},"valueType":"Object"}
{"kind":"ObjectId","message":"Cast to ObjectId failed for value \"{ id: '62dc014d1d346554c6c44332' }\" (type Object) at path \"_id\" for model \"products\"","name":"CastError","path":"_id","reason":{},"stringValue":"\"{ id: '62dc014d1d346554c6c44332' }\"","value":{"id":"62dc014d1d346554c6c44332"},"valueType":"Object"}
{"code":66,"index":0,"level":"error","timestamp":"2022-07-23T14:51:09.451Z"}
{"code":66,"index":0,"level":"error","timestamp":"2022-07-23T14:51:48.650Z"}
